android/app/build/intermediates/manifest_merge_blame_file/release/manifest-merger-blame-release-report.txt
1<?xml version="1.0" encoding="utf-8"?>
2<manifest xmlns:android="http://schemas.android.com/apk/res/android"
3    package="com.papagei"
4    android:versionCode="1"
5    android:versionName="1.0" >
6
7    <uses-sdk
8        android:minSdkVersion="16"
8-->src/main/AndroidManifest.xml
9        android:targetSdkVersion="29" />
9-->src/main/AndroidManifest.xml
10
11    <uses-permission android:name="android.permission.INTERNET" />
11-->src/main/AndroidManifest.xml:4:5-67
11-->src/main/AndroidManifest.xml:4:22-64
12
13    <application
13-->src/main/AndroidManifest.xml:6:5-40:19
14        android:name="com.papagei.MainApplication"
14-->src/main/AndroidManifest.xml:7:7-38
15        android:allowBackup="false"
15-->src/main/AndroidManifest.xml:11:7-34
16        android:appComponentFactory="androidx.core.app.CoreComponentFactory"
16-->[androidx.core:core:1.0.1] AndroidManifest.xml:22:18-86
17        android:icon="@mipmap/ic_launcher"
17-->src/main/AndroidManifest.xml:9:7-41
18        android:label="@string/app_name"
18-->src/main/AndroidManifest.xml:8:7-39
19        android:roundIcon="@mipmap/ic_launcher_round"
19-->src/main/AndroidManifest.xml:10:7-52
20        android:theme="@style/AppTheme" >
20-->src/main/AndroidManifest.xml:12:7-38
21        <activity
21-->src/main/AndroidManifest.xml:13:7-38:18
22            android:name="com.papagei.MainActivity"
22-->src/main/AndroidManifest.xml:15:9-37
23            android:configChanges="keyboard|keyboardHidden|orientation|screenSize|uiMode"
23-->src/main/AndroidManifest.xml:17:9-86
24            android:documentLaunchMode="never"
24-->src/main/AndroidManifest.xml:14:9-43
25            android:label="@string/app_name"
25-->src/main/AndroidManifest.xml:16:9-41
26            android:launchMode="singleTop"
26-->src/main/AndroidManifest.xml:18:9-39
27            android:windowSoftInputMode="adjustResize" >
27-->src/main/AndroidManifest.xml:19:9-51
28            <intent-filter>
28-->src/main/AndroidManifest.xml:20:9-27:25
29                <action android:name="android.intent.action.SEND" />
29-->src/main/AndroidManifest.xml:21:11-63
29-->src/main/AndroidManifest.xml:21:19-60
30
31                <category android:name="android.intent.category.DEFAULT" />
31-->src/main/AndroidManifest.xml:22:11-70
31-->src/main/AndroidManifest.xml:22:21-67
32                <category android:name="android.intent.category.BROWSABLE" />
32-->src/main/AndroidManifest.xml:23:11-72
32-->src/main/AndroidManifest.xml:23:21-69
33
34                <data android:mimeType="text/plain" />
34-->src/main/AndroidManifest.xml:24:11-49
34-->src/main/AndroidManifest.xml:24:17-46
35
36                <action android:name="android.intent.action.MAIN" />
36-->src/main/AndroidManifest.xml:25:11-63
36-->src/main/AndroidManifest.xml:25:19-60
37
38                <category android:name="android.intent.category.LAUNCHER" />
38-->src/main/AndroidManifest.xml:26:11-71
38-->src/main/AndroidManifest.xml:26:21-68
39            </intent-filter>
40            <intent-filter>
40-->src/main/AndroidManifest.xml:28:9-37:25
41                <action android:name="android.intent.action.VIEW" />
41-->src/main/AndroidManifest.xml:29:11-63
41-->src/main/AndroidManifest.xml:29:19-60
42
43                <category android:name="android.intent.category.DEFAULT" />
43-->src/main/AndroidManifest.xml:22:11-70
43-->src/main/AndroidManifest.xml:22:21-67
44                <category android:name="android.intent.category.BROWSABLE" />
44-->src/main/AndroidManifest.xml:23:11-72
44-->src/main/AndroidManifest.xml:23:21-69
45
46                <data
46-->src/main/AndroidManifest.xml:24:11-49
47                    android:host="www.youtube.com"
47-->src/main/AndroidManifest.xml:33:13-43
48                    android:pathPrefix="/"
48-->src/main/AndroidManifest.xml:34:13-35
49                    android:scheme="https" />
49-->src/main/AndroidManifest.xml:32:17-39
50                <data
50-->src/main/AndroidManifest.xml:24:11-49
51                    android:host="www.youtube.com"
51-->src/main/AndroidManifest.xml:33:13-43
52                    android:scheme="https" />
52-->src/main/AndroidManifest.xml:32:17-39
53            </intent-filter>
54        </activity>
55        <activity android:name="com.facebook.react.devsupport.DevSettingsActivity" />
55-->src/main/AndroidManifest.xml:39:7-84
55-->src/main/AndroidManifest.xml:39:17-81
56    </application>
57
58</manifest>